# JRE version: Java(TM) SE Runtime Environment (8.0_211-b12) (build 1.8.0_211-b12)
# Java VM: Java HotSpot(TM) 64-Bit Server VM (25.211-b12 mixed mode windows-amd64 compressed oops)
Heap:
 PSYoungGen      total 142848K, used 111048K [0x00000000f5580000, 0x00000000ffc00000, 0x0000000100000000)
  eden space 115200K, 85% used [0x00000000f5580000,0x00000000fb5dfe68,0x00000000fc600000)
  from space 27648K, 44% used [0x00000000fe100000,0x00000000fed12378,0x00000000ffc00000)
  to   space 27648K, 0% used [0x00000000fc600000,0x00000000fc600000,0x00000000fe100000)
 ParOldGen       total 321536K, used 110747K [0x00000000e0000000, 0x00000000f3a00000, 0x00000000f5580000)
  object space 321536K, 34% used [0x00000000e0000000,0x00000000e6c26df8,0x00000000f3a00000)
 Metaspace       used 107189K, capacity 113495K, committed 114480K, reserved 1148928K
  class space    used 13590K, capacity 14925K, committed 15152K, reserved 1048576K
GC Heap History (10 events):
Event: 10221.862 GC heap before
{Heap before GC invocations=103 (full 9):
 PSYoungGen      total 118784K, used 94464K [0x00000000f5580000, 0x00000000ff600000, 0x0000000100000000)
  eden space 80896K, 100% used [0x00000000f5580000,0x00000000fa480000,0x00000000fa480000)
  from space 37888K, 35% used [0x00000000fa480000,0x00000000fb1c0030,0x00000000fc980000)
  to   space 35840K, 0% used [0x00000000fd300000,0x00000000fd300000,0x00000000ff600000)
 ParOldGen       total 321536K, used 91455K [0x00000000e0000000, 0x00000000f3a00000, 0x00000000f5580000)
  object space 321536K, 28% used [0x00000000e0000000,0x00000000e594fff8,0x00000000f3a00000)
 Metaspace       used 106904K, capacity 113264K, committed 114224K, reserved 1148928K
  class space    used 13587K, capacity 14919K, committed 15152K, reserved 1048576K
Event: 10225.487 GC heap after
Heap after GC invocations=103 (full 9):
 PSYoungGen      total 125440K, used 7168K [0x00000000f5580000, 0x00000000ff300000, 0x0000000100000000)
  eden space 92672K, 0% used [0x00000000f5580000,0x00000000f5580000,0x00000000fb000000)
  from space 32768K, 21% used [0x00000000fd300000,0x00000000fda00378,0x00000000ff300000)
  to   space 34304K, 0% used [0x00000000fb000000,0x00000000fb000000,0x00000000fd180000)
 ParOldGen       total 321536K, used 104739K [0x00000000e0000000, 0x00000000f3a00000, 0x00000000f5580000)
  object space 321536K, 32% used [0x00000000e0000000,0x00000000e6648ed8,0x00000000f3a00000)
 Metaspace       used 106904K, capacity 113264K, committed 114224K, reserved 1148928K
  class space    used 13587K, capacity 14919K, committed 15152K, reserved 1048576K
}
Event: 10227.303 GC heap before
{Heap before GC invocations=104 (full 9):
 PSYoungGen      total 125440K, used 99840K [0x00000000f5580000, 0x00000000ff300000, 0x0000000100000000)
  eden space 92672K, 100% used [0x00000000f5580000,0x00000000fb000000,0x00000000fb000000)
  from space 32768K, 21% used [0x00000000fd300000,0x00000000fda00378,0x00000000ff300000)
  to   space 34304K, 0% used [0x00000000fb000000,0x00000000fb000000,0x00000000fd180000)
 ParOldGen       total 321536K, used 104739K [0x00000000e0000000, 0x00000000f3a00000, 0x00000000f5580000)
  object space 321536K, 32% used [0x00000000e0000000,0x00000000e6648ed8,0x00000000f3a00000)
 Metaspace       used 106993K, capacity 113352K, committed 114224K, reserved 1148928K
  class space    used 13589K, capacity 14923K, committed 15152K, reserved 1048576K
Event: 10231.811 GC heap after
Heap after GC invocations=104 (full 9):
 PSYoungGen      total 126976K, used 9052K [0x00000000f5580000, 0x00000000ffd80000, 0x0000000100000000)
  eden space 92672K, 0% used [0x00000000f5580000,0x00000000f5580000,0x00000000fb000000)
  from space 34304K, 26% used [0x00000000fb000000,0x00000000fb8d72e0,0x00000000fd180000)
  to   space 32256K, 0% used [0x00000000fde00000,0x00000000fde00000,0x00000000ffd80000)
 ParOldGen       total 321536K, used 106799K [0x00000000e0000000, 0x00000000f3a00000, 0x00000000f5580000)
  object space 321536K, 33% used [0x00000000e0000000,0x00000000e684bd58,0x00000000f3a00000)
 Metaspace       used 106993K, capacity 113352K, committed 114224K, reserved 1148928K
  class space    used 13589K, capacity 14923K, committed 15152K, reserved 1048576K
}
Event: 10236.100 GC heap before
{Heap before GC invocations=105 (full 9):
 PSYoungGen      total 126976K, used 101724K [0x00000000f5580000, 0x00000000ffd80000, 0x0000000100000000)
  eden space 92672K, 100% used [0x00000000f5580000,0x00000000fb000000,0x00000000fb000000)
  from space 34304K, 26% used [0x00000000fb000000,0x00000000fb8d72e0,0x00000000fd180000)
  to   space 32256K, 0% used [0x00000000fde00000,0x00000000fde00000,0x00000000ffd80000)
 ParOldGen       total 321536K, used 106799K [0x00000000e0000000, 0x00000000f3a00000, 0x00000000f5580000)
  object space 321536K, 33% used [0x00000000e0000000,0x00000000e684bd58,0x00000000f3a00000)
 Metaspace       used 107048K, capacity 113416K, committed 114480K, reserved 1148928K
  class space    used 13589K, capacity 14923K, committed 15152K, reserved 1048576K
Event: 10239.609 GC heap after
Heap after GC invocations=105 (full 9):
 PSYoungGen      total 137728K, used 12381K [0x00000000f5580000, 0x00000000ffb00000, 0x0000000100000000)
  eden space 108032K, 0% used [0x00000000f5580000,0x00000000f5580000,0x00000000fbf00000)
  from space 29696K, 41% used [0x00000000fde00000,0x00000000fea17648,0x00000000ffb00000)
  to   space 30720K, 0% used [0x00000000fbf00000,0x00000000fbf00000,0x00000000fdd00000)
 ParOldGen       total 321536K, used 108907K [0x00000000e0000000, 0x00000000f3a00000, 0x00000000f5580000)
  object space 321536K, 33% used [0x00000000e0000000,0x00000000e6a5ad98,0x00000000f3a00000)
 Metaspace       used 107048K, capacity 113416K, committed 114480K, reserved 1148928K
  class space    used 13589K, capacity 14923K, committed 15152K, reserved 1048576K
}
Event: 10246.563 GC heap before
{Heap before GC invocations=106 (full 9):
 PSYoungGen      total 137728K, used 120413K [0x00000000f5580000, 0x00000000ffb00000, 0x0000000100000000)
  eden space 108032K, 100% used [0x00000000f5580000,0x00000000fbf00000,0x00000000fbf00000)
  from space 29696K, 41% used [0x00000000fde00000,0x00000000fea17648,0x00000000ffb00000)
  to   space 30720K, 0% used [0x00000000fbf00000,0x00000000fbf00000,0x00000000fdd00000)
 ParOldGen       total 321536K, used 108907K [0x00000000e0000000, 0x00000000f3a00000, 0x00000000f5580000)
  object space 321536K, 33% used [0x00000000e0000000,0x00000000e6a5ad98,0x00000000f3a00000)
 Metaspace       used 107096K, capacity 113422K, committed 114480K, reserved 1148928K
  class space    used 13590K, capacity 14924K, committed 15152K, reserved 1048576K
Event: 10247.454 GC heap after
Heap after GC invocations=106 (full 9):
 PSYoungGen      total 138752K, used 11085K [0x00000000f5580000, 0x00000000ffd00000, 0x0000000100000000)
  eden space 108032K, 0% used [0x00000000f5580000,0x00000000f5580000,0x00000000fbf00000)
  from space 30720K, 36% used [0x00000000fbf00000,0x00000000fc9d3638,0x00000000fdd00000)
  to   space 28672K, 0% used [0x00000000fe100000,0x00000000fe100000,0x00000000ffd00000)
 ParOldGen       total 321536K, used 109923K [0x00000000e0000000, 0x00000000f3a00000, 0x00000000f5580000)
  object space 321536K, 34% used [0x00000000e0000000,0x00000000e6b58dd8,0x00000000f3a00000)
 Metaspace       used 107096K, capacity 113422K, committed 114480K, reserved 1148928K
  class space    used 13590K, capacity 14924K, committed 15152K, reserved 1048576K
}
Event: 10251.829 GC heap before
{Heap before GC invocations=107 (full 9):
 PSYoungGen      total 138752K, used 119117K [0x00000000f5580000, 0x00000000ffd00000, 0x0000000100000000)
  eden space 108032K, 100% used [0x00000000f5580000,0x00000000fbf00000,0x00000000fbf00000)
  from space 30720K, 36% used [0x00000000fbf00000,0x00000000fc9d3638,0x00000000fdd00000)
  to   space 28672K, 0% used [0x00000000fe100000,0x00000000fe100000,0x00000000ffd00000)
 ParOldGen       total 321536K, used 109923K [0x00000000e0000000, 0x00000000f3a00000, 0x00000000f5580000)
  object space 321536K, 34% used [0x00000000e0000000,0x00000000e6b58dd8,0x00000000f3a00000)
 Metaspace       used 107105K, capacity 113422K, committed 114480K, reserved 1148928K
  class space    used 13590K, capacity 14924K, committed 15152K, reserved 1048576K
Event: 10252.693 GC heap after
Heap after GC invocations=107 (full 9):
 PSYoungGen      total 142848K, used 12360K [0x00000000f5580000, 0x00000000ffc00000, 0x0000000100000000)
  eden space 115200K, 0% used [0x00000000f5580000,0x00000000f5580000,0x00000000fc600000)
  from space 27648K, 44% used [0x00000000fe100000,0x00000000fed12378,0x00000000ffc00000)
  to   space 27648K, 0% used [0x00000000fc600000,0x00000000fc600000,0x00000000fe100000)
 ParOldGen       total 321536K, used 110747K [0x00000000e0000000, 0x00000000f3a00000, 0x00000000f5580000)
  object space 321536K, 34% used [0x00000000e0000000,0x00000000e6c26df8,0x00000000f3a00000)
 Metaspace       used 107105K, capacity 113422K, committed 114480K, reserved 1148928K
  class space    used 13590K, capacity 14924K, committed 15152K, reserved 1048576K
}

